<?xml version="1.0" encoding="UTF-8"?>
<testng-results skipped="0" failed="0" total="9" passed="9">
  <reporter-output>
  </reporter-output>
  <suite name="Default suite" duration-ms="2207" started-at="2011-06-23T00:31:34Z" finished-at="2011-06-23T00:31:37Z">
    <groups>
    </groups>
    <test name="Default test" duration-ms="2207" started-at="2011-06-23T00:31:34Z" finished-at="2011-06-23T00:31:37Z">
      <class name="serviceimpls.EmployeeServiceImplTestCase">
        <test-method status="PASS" signature="springTestContextPrepareTestInstance()" name="springTestContextPrepareTestInstance" is-config="true" duration-ms="1768" started-at="2011-06-23T00:31:34Z" finished-at="2011-06-23T00:31:36Z">
        </test-method>
        <test-method status="PASS" signature="springTestContextBeforeTestMethod(java.lang.reflect.Method)" name="springTestContextBeforeTestMethod" is-config="true" duration-ms="1" started-at="2011-06-23T00:31:36Z" finished-at="2011-06-23T00:31:36Z">
          <params>
            <param index="0">
              <value>
                <![CDATA[public void serviceimpls.EmployeeServiceImplTestCase.testCanCountAll()]]>
              </value>
            </param>
          </params>
        </test-method>
        <test-method status="PASS" signature="beforeEachTest()" name="beforeEachTest" is-config="true" duration-ms="164" started-at="2011-06-23T00:31:36Z" finished-at="2011-06-23T00:31:36Z">
        </test-method>
        <test-method status="PASS" signature="testCanCountAll()" name="testCanCountAll" duration-ms="66" started-at="2011-06-23T00:31:36Z" finished-at="2011-06-23T00:31:36Z">
        </test-method>
        <test-method status="PASS" signature="springTestContextAfterTestMethod(java.lang.reflect.Method)" name="springTestContextAfterTestMethod" is-config="true" duration-ms="2" started-at="2011-06-23T00:31:36Z" finished-at="2011-06-23T00:31:36Z">
          <params>
            <param index="0">
              <value>
                <![CDATA[public void serviceimpls.EmployeeServiceImplTestCase.testCanCountAll()]]>
              </value>
            </param>
          </params>
        </test-method>
        <test-method status="PASS" signature="springTestContextBeforeTestMethod(java.lang.reflect.Method)" name="springTestContextBeforeTestMethod" is-config="true" duration-ms="0" started-at="2011-06-23T00:31:36Z" finished-at="2011-06-23T00:31:36Z">
          <params>
            <param index="0">
              <value>
                <![CDATA[public void serviceimpls.EmployeeServiceImplTestCase.testCanDeleteAll()]]>
              </value>
            </param>
          </params>
        </test-method>
        <test-method status="PASS" signature="beforeEachTest()" name="beforeEachTest" is-config="true" duration-ms="5" started-at="2011-06-23T00:31:36Z" finished-at="2011-06-23T00:31:37Z">
        </test-method>
        <test-method status="PASS" signature="testCanDeleteAll()" name="testCanDeleteAll" duration-ms="22" started-at="2011-06-23T00:31:37Z" finished-at="2011-06-23T00:31:37Z">
        </test-method>
        <test-method status="PASS" signature="springTestContextBeforeTestMethod(java.lang.reflect.Method)" name="springTestContextBeforeTestMethod" is-config="true" duration-ms="0" started-at="2011-06-23T00:31:37Z" finished-at="2011-06-23T00:31:37Z">
          <params>
            <param index="0">
              <value>
                <![CDATA[public void serviceimpls.EmployeeServiceImplTestCase.testCanFind()]]>
              </value>
            </param>
          </params>
        </test-method>
        <test-method status="PASS" signature="beforeEachTest()" name="beforeEachTest" is-config="true" duration-ms="8" started-at="2011-06-23T00:31:37Z" finished-at="2011-06-23T00:31:37Z">
        </test-method>
        <test-method status="PASS" signature="springTestContextAfterTestMethod(java.lang.reflect.Method)" name="springTestContextAfterTestMethod" is-config="true" duration-ms="0" started-at="2011-06-23T00:31:37Z" finished-at="2011-06-23T00:31:37Z">
          <params>
            <param index="0">
              <value>
                <![CDATA[public void serviceimpls.EmployeeServiceImplTestCase.testCanDeleteAll()]]>
              </value>
            </param>
          </params>
        </test-method>
        <test-method status="PASS" signature="testCanFind()" name="testCanFind" duration-ms="5" started-at="2011-06-23T00:31:37Z" finished-at="2011-06-23T00:31:37Z">
        </test-method>
        <test-method status="PASS" signature="beforeEachTest()" name="beforeEachTest" is-config="true" duration-ms="15" started-at="2011-06-23T00:31:37Z" finished-at="2011-06-23T00:31:37Z">
        </test-method>
        <test-method status="PASS" signature="springTestContextAfterTestMethod(java.lang.reflect.Method)" name="springTestContextAfterTestMethod" is-config="true" duration-ms="0" started-at="2011-06-23T00:31:37Z" finished-at="2011-06-23T00:31:37Z">
          <params>
            <param index="0">
              <value>
                <![CDATA[public void serviceimpls.EmployeeServiceImplTestCase.testCanFind()]]>
              </value>
            </param>
          </params>
        </test-method>
        <test-method status="PASS" signature="springTestContextBeforeTestMethod(java.lang.reflect.Method)" name="springTestContextBeforeTestMethod" is-config="true" duration-ms="0" started-at="2011-06-23T00:31:37Z" finished-at="2011-06-23T00:31:37Z">
          <params>
            <param index="0">
              <value>
                <![CDATA[public void serviceimpls.EmployeeServiceImplTestCase.testCanFindAll()]]>
              </value>
            </param>
          </params>
        </test-method>
        <test-method status="PASS" signature="testCanFindAll()" name="testCanFindAll" duration-ms="12" started-at="2011-06-23T00:31:37Z" finished-at="2011-06-23T00:31:37Z">
        </test-method>
        <test-method status="PASS" signature="beforeEachTest()" name="beforeEachTest" is-config="true" duration-ms="6" started-at="2011-06-23T00:31:37Z" finished-at="2011-06-23T00:31:37Z">
        </test-method>
        <test-method status="PASS" signature="springTestContextBeforeTestMethod(java.lang.reflect.Method)" name="springTestContextBeforeTestMethod" is-config="true" duration-ms="0" started-at="2011-06-23T00:31:37Z" finished-at="2011-06-23T00:31:37Z">
          <params>
            <param index="0">
              <value>
                <![CDATA[public void serviceimpls.EmployeeServiceImplTestCase.testCanInsert()]]>
              </value>
            </param>
          </params>
        </test-method>
        <test-method status="PASS" signature="springTestContextAfterTestMethod(java.lang.reflect.Method)" name="springTestContextAfterTestMethod" is-config="true" duration-ms="0" started-at="2011-06-23T00:31:37Z" finished-at="2011-06-23T00:31:37Z">
          <params>
            <param index="0">
              <value>
                <![CDATA[public void serviceimpls.EmployeeServiceImplTestCase.testCanFindAll()]]>
              </value>
            </param>
          </params>
        </test-method>
        <test-method status="PASS" signature="testCanInsert()" name="testCanInsert" duration-ms="12" started-at="2011-06-23T00:31:37Z" finished-at="2011-06-23T00:31:37Z">
        </test-method>
        <test-method status="PASS" signature="springTestContextAfterTestMethod(java.lang.reflect.Method)" name="springTestContextAfterTestMethod" is-config="true" duration-ms="0" started-at="2011-06-23T00:31:37Z" finished-at="2011-06-23T00:31:37Z">
          <params>
            <param index="0">
              <value>
                <![CDATA[public void serviceimpls.EmployeeServiceImplTestCase.testCanInsert()]]>
              </value>
            </param>
          </params>
        </test-method>
        <test-method status="PASS" signature="beforeEachTest()" name="beforeEachTest" is-config="true" duration-ms="31" started-at="2011-06-23T00:31:37Z" finished-at="2011-06-23T00:31:37Z">
        </test-method>
        <test-method status="PASS" signature="springTestContextBeforeTestMethod(java.lang.reflect.Method)" name="springTestContextBeforeTestMethod" is-config="true" duration-ms="0" started-at="2011-06-23T00:31:37Z" finished-at="2011-06-23T00:31:37Z">
          <params>
            <param index="0">
              <value>
                <![CDATA[public void serviceimpls.EmployeeServiceImplTestCase.testCanRemoveById()]]>
              </value>
            </param>
          </params>
        </test-method>
        <test-method status="PASS" signature="testCanRemoveById()" name="testCanRemoveById" duration-ms="36" started-at="2011-06-23T00:31:37Z" finished-at="2011-06-23T00:31:37Z">
        </test-method>
        <test-method status="PASS" signature="beforeEachTest()" name="beforeEachTest" is-config="true" duration-ms="11" started-at="2011-06-23T00:31:37Z" finished-at="2011-06-23T00:31:37Z">
        </test-method>
        <test-method status="PASS" signature="springTestContextAfterTestMethod(java.lang.reflect.Method)" name="springTestContextAfterTestMethod" is-config="true" duration-ms="0" started-at="2011-06-23T00:31:37Z" finished-at="2011-06-23T00:31:37Z">
          <params>
            <param index="0">
              <value>
                <![CDATA[public void serviceimpls.EmployeeServiceImplTestCase.testCanRemoveById()]]>
              </value>
            </param>
          </params>
        </test-method>
        <test-method status="PASS" signature="springTestContextBeforeTestMethod(java.lang.reflect.Method)" name="springTestContextBeforeTestMethod" is-config="true" duration-ms="0" started-at="2011-06-23T00:31:37Z" finished-at="2011-06-23T00:31:37Z">
          <params>
            <param index="0">
              <value>
                <![CDATA[public void serviceimpls.EmployeeServiceImplTestCase.testCanUpdate()]]>
              </value>
            </param>
          </params>
        </test-method>
        <test-method status="PASS" signature="testCanUpdate()" name="testCanUpdate" duration-ms="13" started-at="2011-06-23T00:31:37Z" finished-at="2011-06-23T00:31:37Z">
        </test-method>
        <test-method status="PASS" signature="springTestContextAfterTestMethod(java.lang.reflect.Method)" name="springTestContextAfterTestMethod" is-config="true" duration-ms="1" started-at="2011-06-23T00:31:37Z" finished-at="2011-06-23T00:31:37Z">
          <params>
            <param index="0">
              <value>
                <![CDATA[public void serviceimpls.EmployeeServiceImplTestCase.testCanUpdate()]]>
              </value>
            </param>
          </params>
        </test-method>
        <test-method status="PASS" signature="springTestContextBeforeTestMethod(java.lang.reflect.Method)" name="springTestContextBeforeTestMethod" is-config="true" duration-ms="0" started-at="2011-06-23T00:31:37Z" finished-at="2011-06-23T00:31:37Z">
          <params>
            <param index="0">
              <value>
                <![CDATA[public void serviceimpls.EmployeeServiceImplTestCase.testEmployeeServiceIsNotNull()]]>
              </value>
            </param>
          </params>
        </test-method>
        <test-method status="PASS" signature="beforeEachTest()" name="beforeEachTest" is-config="true" duration-ms="8" started-at="2011-06-23T00:31:37Z" finished-at="2011-06-23T00:31:37Z">
        </test-method>
        <test-method status="PASS" signature="testEmployeeServiceIsNotNull()" name="testEmployeeServiceIsNotNull" duration-ms="0" started-at="2011-06-23T00:31:37Z" finished-at="2011-06-23T00:31:37Z">
        </test-method>
        <test-method status="PASS" signature="springTestContextBeforeTestMethod(java.lang.reflect.Method)" name="springTestContextBeforeTestMethod" is-config="true" duration-ms="0" started-at="2011-06-23T00:31:37Z" finished-at="2011-06-23T00:31:37Z">
          <params>
            <param index="0">
              <value>
                <![CDATA[public void serviceimpls.EmployeeServiceImplTestCase.testTheTruth()]]>
              </value>
            </param>
          </params>
        </test-method>
        <test-method status="PASS" signature="springTestContextAfterTestMethod(java.lang.reflect.Method)" name="springTestContextAfterTestMethod" is-config="true" duration-ms="0" started-at="2011-06-23T00:31:37Z" finished-at="2011-06-23T00:31:37Z">
          <params>
            <param index="0">
              <value>
                <![CDATA[public void serviceimpls.EmployeeServiceImplTestCase.testEmployeeServiceIsNotNull()]]>
              </value>
            </param>
          </params>
        </test-method>
        <test-method status="PASS" signature="beforeEachTest()" name="beforeEachTest" is-config="true" duration-ms="7" started-at="2011-06-23T00:31:37Z" finished-at="2011-06-23T00:31:37Z">
        </test-method>
        <test-method status="PASS" signature="testTheTruth()" name="testTheTruth" duration-ms="0" started-at="2011-06-23T00:31:37Z" finished-at="2011-06-23T00:31:37Z">
        </test-method>
        <test-method status="PASS" signature="springTestContextAfterTestMethod(java.lang.reflect.Method)" name="springTestContextAfterTestMethod" is-config="true" duration-ms="0" started-at="2011-06-23T00:31:37Z" finished-at="2011-06-23T00:31:37Z">
          <params>
            <param index="0">
              <value>
                <![CDATA[public void serviceimpls.EmployeeServiceImplTestCase.testTheTruth()]]>
              </value>
            </param>
          </params>
        </test-method>
      </class>
    </test>
  </suite>
</testng-results>
